time="2024-05-14T08:56:03+08:00" level=info msg="Request: POST /user-info?token=eyJhbGciOiJIUzI1NiIsInR5cCI6IkpXVCJ9.eyJlbWFpbCI6Im1hamVzdHl5ZUBnbWFpbC5jb20iLCJleHAiOjE3MTU2OTQzOTB9.mQjss2oN5_SVPtz1pk7DcFhH4cxoQsJD65knUE30Q3A"
time="2024-05-14T08:59:47+08:00" level=info msg="Request: POST /user-info?token=eyJhbGciOiJIUzI1NiIsInR5cCI6IkpXVCJ9.eyJlbWFpbCI6Im1hamVzdHl5ZUBnbWFpbC5jb20iLCJleHAiOjE3MTU2OTQzOTB9.mQjss2oN5_SVPtz1pk7DcFhH4cxoQsJD65knUE30Q3A"
time="2024-05-14T09:01:27+08:00" level=info msg="Request: POST /user-info?token=eyJhbGciOiJIUzI1NiIsInR5cCI6IkpXVCJ9.eyJlbWFpbCI6Im1hamVzdHl5ZUBnbWFpbC5jb20iLCJleHAiOjE3MTU2OTQzOTB9.mQjss2oN5_SVPtz1pk7DcFhH4cxoQsJD65knUE30Q3A"
time="2024-05-14T09:01:29+08:00" level=info msg="Request: POST /user-info?token=eyJhbGciOiJIUzI1NiIsInR5cCI6IkpXVCJ9.eyJlbWFpbCI6Im1hamVzdHl5ZUBnbWFpbC5jb20iLCJleHAiOjE3MTU2OTQzOTB9.mQjss2oN5_SVPtz1pk7DcFhH4cxoQsJD65knUE30Q3A"
time="2024-05-14T09:03:16+08:00" level=info msg="Request: POST /user-info?token=eyJhbGciOiJIUzI1NiIsInR5cCI6IkpXVCJ9.eyJlbWFpbCI6Im1hamVzdHl5ZUBnbWFpbC5jb20iLCJleHAiOjE3MTU2OTQzOTB9.mQjss2oN5_SVPtz1pk7DcFhH4cxoQsJD65knUE30Q3A"
time="2024-05-14T09:12:19+08:00" level=info msg="Request: POST /user-info?token=eyJhbGciOiJIUzI1NiIsInR5cCI6IkpXVCJ9.eyJlbWFpbCI6Im1hamVzdHl5ZUBnbWFpbC5jb20iLCJleHAiOjE3MTU2OTQzOTB9.mQjss2oN5_SVPtz1pk7DcFhH4cxoQsJD65knUE30Q3A"
time="2024-05-14T09:14:11+08:00" level=info msg="Request: POST /user-info?token=eyJhbGciOiJIUzI1NiIsInR5cCI6IkpXVCJ9.eyJlbWFpbCI6Im1hamVzdHl5ZUBnbWFpbC5jb20iLCJleHAiOjE3MTU2OTQzOTB9.mQjss2oN5_SVPtz1pk7DcFhH4cxoQsJD65knUE30Q3A"
time="2024-05-14T09:15:26+08:00" level=info msg="Request: POST /user-info?token=eyJhbGciOiJIUzI1NiIsInR5cCI6IkpXVCJ9.eyJlbWFpbCI6Im1hamVzdHl5ZUBnbWFpbC5jb20iLCJleHAiOjE3MTU2OTQzOTB9.mQjss2oN5_SVPtz1pk7DcFhH4cxoQsJD65knUE30Q3A"
time="2024-05-14T09:21:12+08:00" level=info msg="Request: POST /user-info?token=eyJhbGciOiJIUzI1NiIsInR5cCI6IkpXVCJ9.eyJlbWFpbCI6Im1hamVzdHl5ZUBnbWFpbC5jb20iLCJleHAiOjE3MTU2OTQzOTB9.mQjss2oN5_SVPtz1pk7DcFhH4cxoQsJD65knUE30Q3A"
time="2024-05-14T09:29:34+08:00" level=info msg="Request: POST /send-code?email=majestyye%40gmail.com"
time="2024-05-14T09:29:47+08:00" level=info msg="Request: POST /login?code=333555&email=majestyye%40gmail.com"
time="2024-05-14T09:30:11+08:00" level=info msg="Request: POST /user-info?token=eyJhbGciOiJIUzI1NiIsInR5cCI6IkpXVCJ9.eyJlbWFpbCI6Im1hamVzdHl5ZUBnbWFpbC5jb20iLCJleHAiOjE3MTU3MzY1ODd9.pcn3_H7NzYLd2IAPcpSOFxC7uijEJY_ikVHkyHg1HBQ"
time="2024-05-14T09:31:16+08:00" level=info msg="Request: POST /user-info?token=eyJhbGciOiJIUzI1NiIsInR5cCI6IkpXVCJ9.eyJlbWFpbCI6Im1hamVzdHl5ZUBnbWFpbC5jb20iLCJleHAiOjE3MTU3MzY1ODd9.pcn3_H7NzYLd2IAPcpSOFxC7uijEJY_ikVHkyHg1HBQ"
time="2024-05-14T10:46:50+08:00" level=info msg="Request: GET /swagger/index.html?"
time="2024-05-14T10:46:50+08:00" level=info msg="Request: GET /swagger/swagger-ui.css?"
time="2024-05-14T10:46:50+08:00" level=info msg="Request: GET /swagger/swagger-ui-bundle.js?"
time="2024-05-14T10:46:50+08:00" level=info msg="Request: GET /swagger/swagger-ui-standalone-preset.js?"
time="2024-05-14T10:46:50+08:00" level=info msg="Request: GET /swagger/doc.json?"
time="2024-05-14T10:46:50+08:00" level=info msg="Request: GET /swagger/favicon-32x32.png?"
time="2024-05-14T10:53:19+08:00" level=info msg="Request: GET /swagger/index.html?"
time="2024-05-14T10:53:19+08:00" level=info msg="Request: GET /swagger/swagger-ui-bundle.js?"
time="2024-05-14T10:53:19+08:00" level=info msg="Request: GET /swagger/swagger-ui.css?"
time="2024-05-14T10:53:19+08:00" level=info msg="Request: GET /swagger/swagger-ui-standalone-preset.js?"
time="2024-05-14T10:53:19+08:00" level=info msg="Request: GET /swagger/doc.json?"
time="2024-05-14T10:53:19+08:00" level=info msg="Request: GET /swagger/favicon-32x32.png?"
time="2024-05-14T10:53:22+08:00" level=info msg="Request: GET /swagger/index.html?"
time="2024-05-14T10:53:22+08:00" level=info msg="Request: GET /swagger/swagger-ui.css?"
time="2024-05-14T10:53:22+08:00" level=info msg="Request: GET /swagger/swagger-ui-standalone-preset.js?"
time="2024-05-14T10:53:22+08:00" level=info msg="Request: GET /swagger/swagger-ui-bundle.js?"
time="2024-05-14T10:53:22+08:00" level=info msg="Request: GET /swagger/doc.json?"
time="2024-05-14T10:53:22+08:00" level=info msg="Request: GET /swagger/favicon-32x32.png?"
time="2024-05-14T10:53:23+08:00" level=info msg="Request: GET /swagger/doc.json?"
time="2024-05-14T10:53:23+08:00" level=info msg="Request: GET /favicon.ico?"
time="2024-05-14T11:03:49+08:00" level=info msg="Request: GET /swagger/index.html?"
time="2024-05-14T11:03:49+08:00" level=info msg="Request: GET /swagger/swagger-ui-bundle.js?"
time="2024-05-14T11:03:49+08:00" level=info msg="Request: GET /swagger/swagger-ui.css?"
time="2024-05-14T11:03:49+08:00" level=info msg="Request: GET /swagger/swagger-ui-standalone-preset.js?"
time="2024-05-14T11:03:50+08:00" level=info msg="Request: GET /swagger/doc.json?"
time="2024-05-14T11:03:50+08:00" level=info msg="Request: GET /swagger/favicon-32x32.png?"
time="2024-05-14T11:06:37+08:00" level=info msg="Request: GET /swagger/index.html?"
time="2024-05-14T11:06:37+08:00" level=info msg="Request: GET /swagger/swagger-ui-bundle.js?"
time="2024-05-14T11:06:37+08:00" level=info msg="Request: GET /swagger/swagger-ui.css?"
time="2024-05-14T11:06:37+08:00" level=info msg="Request: GET /swagger/swagger-ui-standalone-preset.js?"
time="2024-05-14T11:06:37+08:00" level=info msg="Request: GET /swagger/doc.json?"
time="2024-05-14T11:06:37+08:00" level=info msg="Request: GET /swagger/favicon-32x32.png?"
time="2024-05-14T11:06:39+08:00" level=info msg="Request: GET /swagger/doc.json?"
time="2024-05-14T11:07:05+08:00" level=info msg="Request: GET /swagger/index.html?"
time="2024-05-14T11:07:05+08:00" level=info msg="Request: GET /swagger/doc.json?"
time="2024-05-14T11:09:19+08:00" level=info msg="Request: GET /swagger/index.html?"
time="2024-05-14T11:09:19+08:00" level=info msg="Request: GET /swagger/swagger-ui.css?"
time="2024-05-14T11:09:19+08:00" level=info msg="Request: GET /swagger/swagger-ui-bundle.js?"
time="2024-05-14T11:09:19+08:00" level=info msg="Request: GET /swagger/swagger-ui-standalone-preset.js?"
time="2024-05-14T11:09:19+08:00" level=info msg="Request: GET /swagger/doc.json?"
time="2024-05-14T11:09:19+08:00" level=info msg="Request: GET /swagger/favicon-32x32.png?"
time="2024-05-14T15:38:46+08:00" level=info msg="Request: GET /swagger/index.html?"
time="2024-05-14T15:38:46+08:00" level=info msg="Request: GET /swagger/swagger-ui-bundle.js?"
time="2024-05-14T15:38:46+08:00" level=info msg="Request: GET /swagger/swagger-ui-standalone-preset.js?"
time="2024-05-14T15:38:46+08:00" level=info msg="Request: GET /swagger/swagger-ui.css?"
time="2024-05-14T15:38:46+08:00" level=info msg="Request: GET /swagger/doc.json?"
time="2024-05-14T15:38:46+08:00" level=info msg="Request: GET /swagger/favicon-32x32.png?"
time="2024-05-14T15:46:31+08:00" level=info msg="Request: POST /send-code?email=majestyye%40gmail.com"
time="2024-05-14T15:47:09+08:00" level=info msg="Request: POST /send-code?email=majestyye%40gmail.com"
time="2024-05-14T15:47:20+08:00" level=info msg="Request: POST /send-code?email=majestyye%40gmail.com"
time="2024-05-14T15:58:10+08:00" level=info msg="Request: POST /send-code?email=majestyye%40gmail.com"
time="2024-05-14T16:10:20+08:00" level=info msg="Request: POST /send-code?email=majestyye%40gmail.com"
time="2024-05-14T16:14:50+08:00" level=info msg="Request: GET /swagger/index.html?"
time="2024-05-14T16:14:50+08:00" level=info msg="Request: GET /swagger/swagger-ui.css?"
time="2024-05-14T16:14:50+08:00" level=info msg="Request: GET /swagger/swagger-ui-standalone-preset.js?"
time="2024-05-14T16:14:50+08:00" level=info msg="Request: GET /swagger/swagger-ui-bundle.js?"
time="2024-05-14T16:14:50+08:00" level=info msg="Request: GET /swagger/doc.json?"
time="2024-05-14T16:14:50+08:00" level=info msg="Request: GET /swagger/favicon-32x32.png?"
time="2024-05-14T16:14:53+08:00" level=info msg="Request: GET /swagger/index.html?"
time="2024-05-14T16:14:53+08:00" level=info msg="Request: GET /swagger/swagger-ui.css?"
time="2024-05-14T16:14:53+08:00" level=info msg="Request: GET /swagger/swagger-ui-standalone-preset.js?"
time="2024-05-14T16:14:53+08:00" level=info msg="Request: GET /swagger/swagger-ui-bundle.js?"
time="2024-05-14T16:14:53+08:00" level=info msg="Request: GET /swagger/doc.json?"
time="2024-05-14T16:14:53+08:00" level=info msg="Request: GET /swagger/favicon-32x32.png?"
time="2024-05-14T16:15:07+08:00" level=info msg="Request: GET /swagger/index.html?"
time="2024-05-14T16:15:07+08:00" level=info msg="Request: GET /swagger/swagger-ui.css?"
time="2024-05-14T16:15:07+08:00" level=info msg="Request: GET /swagger/swagger-ui-standalone-preset.js?"
time="2024-05-14T16:15:07+08:00" level=info msg="Request: GET /swagger/swagger-ui-bundle.js?"
time="2024-05-14T16:15:07+08:00" level=info msg="Request: GET /swagger/doc.json?"
time="2024-05-14T16:15:07+08:00" level=info msg="Request: GET /swagger/favicon-32x32.png?"
time="2024-05-14T16:15:28+08:00" level=info msg="Request: GET /swagger/index.html?"
time="2024-05-14T16:15:28+08:00" level=info msg="Request: GET /swagger/swagger-ui.css?"
time="2024-05-14T16:15:28+08:00" level=info msg="Request: GET /swagger/swagger-ui-bundle.js?"
time="2024-05-14T16:15:28+08:00" level=info msg="Request: GET /swagger/swagger-ui-standalone-preset.js?"
time="2024-05-14T16:15:28+08:00" level=info msg="Request: GET /swagger/doc.json?"
time="2024-05-14T16:15:28+08:00" level=info msg="Request: GET /swagger/favicon-32x32.png?"
time="2024-05-14T16:17:57+08:00" level=info msg="Request: GET /swagger/index.html?"
time="2024-05-14T16:17:57+08:00" level=info msg="Request: GET /swagger/swagger-ui-bundle.js?"
time="2024-05-14T16:17:57+08:00" level=info msg="Request: GET /swagger/swagger-ui.css?"
time="2024-05-14T16:17:57+08:00" level=info msg="Request: GET /swagger/swagger-ui-standalone-preset.js?"
time="2024-05-14T16:17:57+08:00" level=info msg="Request: GET /swagger/doc.json?"
time="2024-05-14T16:17:57+08:00" level=info msg="Request: GET /swagger/favicon-32x32.png?"
time="2024-05-14T16:19:38+08:00" level=info msg="Request: GET /swagger/index.html?"
time="2024-05-14T16:19:38+08:00" level=info msg="Request: GET /swagger/swagger-ui.css?"
time="2024-05-14T16:19:38+08:00" level=info msg="Request: GET /swagger/swagger-ui-standalone-preset.js?"
time="2024-05-14T16:19:38+08:00" level=info msg="Request: GET /swagger/swagger-ui-bundle.js?"
time="2024-05-14T16:19:38+08:00" level=info msg="Request: GET /swagger/doc.json?"
time="2024-05-14T16:19:38+08:00" level=info msg="Request: GET /swagger/favicon-32x32.png?"
time="2024-05-14T16:23:00+08:00" level=info msg="Request: GET /swagger/index.html?"
time="2024-05-14T16:23:00+08:00" level=info msg="Request: GET /swagger/swagger-ui.css?"
time="2024-05-14T16:23:00+08:00" level=info msg="Request: GET /swagger/swagger-ui-bundle.js?"
time="2024-05-14T16:23:00+08:00" level=info msg="Request: GET /swagger/swagger-ui-standalone-preset.js?"
time="2024-05-14T16:23:00+08:00" level=info msg="Request: GET /swagger/doc.json?"
time="2024-05-14T16:23:00+08:00" level=info msg="Request: GET /swagger/favicon-32x32.png?"
time="2024-05-14T16:33:51+08:00" level=info msg="Request: POST /send-code?email=majestyye%40gmail.com"
