time="2024-05-13T09:10:37+08:00" level=info msg="Request: POST /send-code?email=majestyye%40gmail.com"
time="2024-05-13T09:10:46+08:00" level=info msg="Request: POST /login?code=057217&email=majestyye%40gmail.com"
time="2024-05-13T09:21:45+08:00" level=info msg="Request: POST /send-code?email=majestyye%40gmail.com"
time="2024-05-13T09:21:54+08:00" level=info msg="Request: POST /login?code=355177&email=majestyye%40gmail.com"
time="2024-05-13T09:48:08+08:00" level=info msg="Request: POST /login?code=355177&email=majestyye%40gmail.com"
time="2024-05-13T09:48:14+08:00" level=info msg="Request: POST /send-code?email=majestyye%40gmail.com"
time="2024-05-13T09:48:23+08:00" level=info msg="Request: POST /login?code=623446&email=majestyye%40gmail.com"
time="2024-05-13T09:49:02+08:00" level=info msg="Request: POST /login?code=623446&email=majestyye%40gmail.com"
time="2024-05-13T10:53:04+08:00" level=info msg="Request: POST /send-code?email=majestyye%40gmail.com"
time="2024-05-13T10:53:14+08:00" level=info msg="Request: POST /login?code=897345&email=majestyye%40gmail.com"
time="2024-05-13T14:11:06+08:00" level=info msg="Request: POST /send-code?email=majestyye%40gmail.com"
time="2024-05-13T14:11:28+08:00" level=info msg="Request: POST /login?code=036202&email=majestyye%40gmail.com"
time="2024-05-13T14:13:39+08:00" level=info msg="Request: POST /login?code=036202&email=majestyye%40gmail.com"
time="2024-05-13T14:13:48+08:00" level=info msg="Request: POST /login?code=036202&email=majestyye%40gmail.com"
time="2024-05-13T14:14:17+08:00" level=info msg="Request: POST /login?code=036202&email=majestyye%40gmail.com"
time="2024-05-13T14:15:45+08:00" level=info msg="Request: POST /login?code=036202&email=majestyye%40gmail.com"
time="2024-05-13T14:15:47+08:00" level=info msg="Request: POST /login?code=036202&email=majestyye%40gmail.com"
time="2024-05-13T14:15:57+08:00" level=info msg="Request: POST /login?code=036202&email=majestyye%40gmail.com"
time="2024-05-13T14:17:03+08:00" level=info msg="Request: POST /login?code=036202&email=majestyye%40gmail.com"
time="2024-05-13T14:17:11+08:00" level=info msg="Request: POST /login?code=036202&email=majestyye%40gmail.com"
time="2024-05-13T14:17:14+08:00" level=info msg="Request: POST /login?code=036202&email=majestyye%40gmail.com"
time="2024-05-13T14:17:18+08:00" level=info msg="Request: POST /send-code?email=majestyye%40gmail.com"
time="2024-05-13T14:17:29+08:00" level=info msg="Request: POST /login?code=036202&email=majestyye%40gmail.com"
time="2024-05-13T14:17:35+08:00" level=info msg="Request: POST /login?code=802047&email=majestyye%40gmail.com"
time="2024-05-13T14:21:51+08:00" level=info msg="Request: POST /login?code=802047&email=majestyye%40gmail.com"
time="2024-05-13T14:24:52+08:00" level=info msg="Request: POST /login?code=802047&email=majestyye%40gmail.com"
time="2024-05-13T14:24:57+08:00" level=info msg="Request: POST /send-code?email=majestyye%40gmail.com"
time="2024-05-13T14:25:09+08:00" level=info msg="Request: POST /login?code=559138&email=majestyye%40gmail.com"
time="2024-05-13T14:29:40+08:00" level=info msg="Request: POST /login?code=559138&email=majestyye%40gmail.com"
time="2024-05-13T14:34:33+08:00" level=info msg="Request: POST /send-code?email=majestyye%40gmail.com"
time="2024-05-13T14:34:41+08:00" level=info msg="Request: POST /login?code=132784&email=majestyye%40gmail.com"
time="2024-05-13T15:31:58+08:00" level=info msg="Request: POST /send-code?email=majestyye%40gmail.com"
time="2024-05-13T15:32:27+08:00" level=info msg="Request: POST /login?code=809637&email=majestyye%40gmail.com"
time="2024-05-13T18:47:42+08:00" level=info msg="Request: POST /send-code?email=majestyye%40gmail.com"
time="2024-05-13T18:48:35+08:00" level=info msg="Request: POST /login?code=037182&email=majestyye%40gmail.com"
time="2024-05-13T18:49:53+08:00" level=info msg="Request: POST /user-info?token=eyJhbGciOiJIUzI1NiIsInR5cCI6IkpXVCJ9.eyJlbWFpbCI6Im1hamVzdHl5ZUBnbWFpbC5jb20iLCJleHAiOjE3MTU2ODM3MTV9.dM8ML0Zpw_nAHDn3iR1UDA2q6NyAdUFglGuJ2JeoIKM"
time="2024-05-13T21:40:16+08:00" level=info msg="Request: POST /login?code=037182&email=majestyye%40gmail.com"
time="2024-05-13T21:40:24+08:00" level=info msg="Request: POST /send-code?email=majestyye%40gmail.com"
time="2024-05-13T21:40:55+08:00" level=info msg="Request: POST /login?code=348643&email=majestyye%40gmail.com"
time="2024-05-13T21:41:15+08:00" level=info msg="Request: POST /login?code=348643&email=majestyye%40gmail.com"
time="2024-05-13T21:41:38+08:00" level=info msg="Request: POST /user-info?token=eyJhbGciOiJIUzI1NiIsInR5cCI6IkpXVCJ9.eyJlbWFpbCI6Im1hamVzdHl5ZUBnbWFpbC5jb20iLCJleHAiOjE3MTU2OTQwNTV9.JwaM6fLKm2CYPiLuKSPMnLKzu40dVkq6B-vTY2-BFAY"
time="2024-05-13T21:46:08+08:00" level=info msg="Request: POST /send-code?email=majestyye%40gmail.com"
time="2024-05-13T21:46:30+08:00" level=info msg="Request: POST /login?code=855383&email=majestyye%40gmail.com"
time="2024-05-13T21:47:18+08:00" level=info msg="Request: POST /user-info?token=eyJhbGciOiJIUzI1NiIsInR5cCI6IkpXVCJ9.eyJlbWFpbCI6Im1hamVzdHl5ZUBnbWFpbC5jb20iLCJleHAiOjE3MTU2OTQzOTB9.mQjss2oN5_SVPtz1pk7DcFhH4cxoQsJD65knUE30Q3A"
time="2024-05-13T21:48:56+08:00" level=info msg="Request: POST /user-info?token=eyJhbGciOiJIUzI1NiIsInR5cCI6IkpXVCJ9.eyJlbWFpbCI6Im1hamVzdHl5ZUBnbWFpbC5jb20iLCJleHAiOjE3MTU2OTQzOTB9.mQjss2oN5_SVPtz1pk7DcFhH4cxoQsJD65knUE30Q3A"
time="2024-05-13T21:49:17+08:00" level=info msg="Request: POST /user-info?token=eyJhbGciOiJIUzI1NiIsInR5cCI6IkpXVCJ9.eyJlbWFpbCI6Im1hamVzdHl5ZUBnbWFpbC5jb20iLCJleHAiOjE3MTU2OTQzOTB9.mQjss2oN5_SVPtz1pk7DcFhH4cxoQsJD65knUE30Q3A"
time="2024-05-13T21:49:57+08:00" level=info msg="Request: POST /user-info?token=eyJhbGciOiJIUzI1NiIsInR5cCI6IkpXVCJ9.eyJlbWFpbCI6Im1hamVzdHl5ZUBnbWFpbC5jb20iLCJleHAiOjE3MTU2OTQzOTB9.mQjss2oN5_SVPtz1pk7DcFhH4cxoQsJD65knUE30Q3A"
time="2024-05-13T21:52:26+08:00" level=info msg="Request: POST /user-info?token=eyJhbGciOiJIUzI1NiIsInR5cCI6IkpXVCJ9.eyJlbWFpbCI6Im1hamVzdHl5ZUBnbWFpbC5jb20iLCJleHAiOjE3MTU2OTQzOTB9.mQjss2oN5_SVPtz1pk7DcFhH4cxoQsJD65knUE30Q3A"
time="2024-05-13T21:52:34+08:00" level=info msg="Request: POST /user-info?token=eyJhbGciOiJIUzI1NiIsInR5cCI6IkpXVCJ9.eyJlbWFpbCI6Im1hamVzdHl5ZUBnbWFpbC5jb20iLCJleHAiOjE3MTU2OTQzOTB9.mQjss2oN5_SVPtz1pk7DcFhH4cxoQsJD65knUE30Q3A"
