time="2024-07-18T09:23:37+08:00" level=info msg="Request: GET /config/listening/list?PageLimit=10&PageNo=1"
time="2024-07-18T09:23:47+08:00" level=info msg="Request: GET /config/listening/list?PageLimit=10&PageNo=1"
time="2024-07-18T09:23:59+08:00" level=info msg="Request: GET /config/listening/list?PageLimit=10&PageNo=1"
time="2024-07-18T09:33:50+08:00" level=info msg="Request: GET /config/listening/list?PageLimit=10&PageNo=1"
time="2024-07-18T10:21:50+08:00" level=info msg="Request: GET /config/listening/list?PageLimit=10&PageNo=1"
time="2024-07-18T10:22:03+08:00" level=info msg="Request: POST /config/listening/add?audio_files=%5Bhuhijmm%5D&name=ielts-camb-listening-test&part_list=%5B116070+11+12+13%5D&status=1&type=2"
time="2024-07-18T10:22:13+08:00" level=info msg="Request: GET /config/listening/list?PageLimit=10&PageNo=1"
time="2024-07-18T10:22:33+08:00" level=info msg="Request: GET /config/listening/list?PageLimit=10&PageNo=1"
time="2024-07-18T10:25:02+08:00" level=info msg="Request: POST /config/listening/add?audio_files=%5Bhuhijmm%5D&name=ielts-camb-listening-test&part_list=%5B11+13+912769+698305%5D&status=1&type=2"
time="2024-07-18T10:25:16+08:00" level=info msg="Request: GET /config/listening/list?PageLimit=10&PageNo=1"
time="2024-07-18T10:25:55+08:00" level=info msg="Request: GET /config/listening/list?PageLimit=10&PageNo=1"
time="2024-07-18T10:28:14+08:00" level=info msg="Request: GET /config/listening/list?PageLimit=10&PageNo=1"
time="2024-07-18T14:45:20+08:00" level=info msg="Request: GET /config/listening/list?PageLimit=10&PageNo=1"
time="2024-07-18T14:46:53+08:00" level=info msg="Request: POST /config/listening/add?audio_files=%5Bhuhijmm%5D&name=ielts-camb-listening-test&part_list=%5B11+698305+912769+698305%5D&status=1&type=2"
time="2024-07-18T14:46:59+08:00" level=info msg="Request: GET /config/listening/list?PageLimit=10&PageNo=1"
time="2024-07-18T15:27:13+08:00" level=info msg="Request: GET /config/listening/list?PageLimit=10&PageNo=1"
time="2024-07-18T15:27:36+08:00" level=info msg="Request: GET /config/listening/list?PageLimit=10&PageNo=1"
time="2024-07-18T15:28:11+08:00" level=info msg="Request: GET /config/listening/list?PageLimit=10&PageNo=1"
time="2024-07-18T15:31:04+08:00" level=info msg="Request: GET /config/listening/list?PageLimit=10&PageNo=1"
time="2024-07-18T15:37:02+08:00" level=info msg="Request: GET /config/listening/list?PageLimit=10&PageNo=1"
time="2024-07-18T15:39:04+08:00" level=info msg="Request: GET /config/listening/list?PageLimit=10&PageNo=1"
time="2024-07-18T15:39:47+08:00" level=info msg="Request: GET /config/listening/list?PageLimit=10&PageNo=1"
time="2024-07-18T15:42:08+08:00" level=info msg="Request: GET /config/listening/list?PageLimit=10&PageNo=1"
time="2024-07-18T15:50:31+08:00" level=info msg="Request: GET /config/listening/list?PageLimit=10&PageNo=1"
time="2024-07-18T15:56:40+08:00" level=info msg="Request: GET /config/listening/list?PageLimit=10&PageNo=1"
time="2024-07-18T16:08:35+08:00" level=info msg="Request: GET /config/listening/list?PageLimit=10&PageNo=1"
time="2024-07-18T16:57:38+08:00" level=info msg="Request: POST /send-code?email=majestyye%40gmail.com"
time="2024-07-18T16:57:46+08:00" level=info msg="Request: POST /login?code=788790&email=majestyye%40gmail.com"
time="2024-07-18T16:57:54+08:00" level=info msg="Request: GET /user-info?"
time="2024-07-18T16:58:01+08:00" level=info msg="Request: GET /config/listening/list?PageLimit=10&PageNo=1"
time="2024-07-18T16:58:13+08:00" level=info msg="Request: GET /config/listening-part/list?PageLimit=10&PageNo=1"
time="2024-07-18T16:59:13+08:00" level=info msg="Request: GET /config/listening/list?PageLimit=10&PageNo=1"
time="2024-07-18T17:01:54+08:00" level=info msg="Request: GET /config/listening/list?PageLimit=10&PageNo=1"
time="2024-07-18T17:03:02+08:00" level=info msg="Request: GET /config/listening/list?PageLimit=10&PageNo=1"
time="2024-07-18T17:03:24+08:00" level=info msg="Request: GET /config/listening/list?PageLimit=10&PageNo=1"
time="2024-07-18T17:03:51+08:00" level=info msg="Request: GET /config/listening/list?PageLimit=10&PageNo=1"
time="2024-07-18T17:05:14+08:00" level=info msg="Request: GET /config/listening/list?PageLimit=10&PageNo=1"
time="2024-07-18T17:05:46+08:00" level=info msg="Request: GET /config/listening/list?PageLimit=10&PageNo=1"
time="2024-07-18T17:06:26+08:00" level=info msg="Request: GET /config/listening/list?PageLimit=10&PageNo=1"
time="2024-07-18T17:06:52+08:00" level=info msg="Request: GET /config/listening/list?PageLimit=10&PageNo=1"
time="2024-07-18T17:07:54+08:00" level=info msg="Request: GET /config/listening/list?PageLimit=10&PageNo=1"
time="2024-07-18T17:17:20+08:00" level=info msg="Request: GET /config/listening/list?PageLimit=10&PageNo=1"
time="2024-07-18T17:27:15+08:00" level=info msg="Request: GET /config/listening/list?PageLimit=10&PageNo=1"
time="2024-07-18T21:42:05+08:00" level=info msg="Request: GET /config/listening/list?PageLimit=10&PageNo=1"
time="2024-07-18T21:43:12+08:00" level=info msg="Request: GET /config/listening/list?PageLimit=10&PageNo=1"
time="2024-07-18T21:44:15+08:00" level=info msg="Request: GET /config/listening/list?PageLimit=10&PageNo=1"
time="2024-07-18T21:44:56+08:00" level=info msg="Request: GET /config/listening/list?PageLimit=10&PageNo=1"
time="2024-07-18T21:45:34+08:00" level=info msg="Request: GET /config/listening/list?PageLimit=10&PageNo=1"
time="2024-07-18T21:51:01+08:00" level=info msg="Request: GET /config/listening/list?PageLimit=10&PageNo=1"
time="2024-07-18T21:52:10+08:00" level=info msg="Request: GET /config/listening/list?PageLimit=10&PageNo=1"
time="2024-07-18T21:52:57+08:00" level=info msg="Request: GET /config/listening/list?PageLimit=10&PageNo=1"
time="2024-07-18T21:58:42+08:00" level=info msg="Request: GET /config/listening/list?PageLimit=10&PageNo=1"
time="2024-07-18T21:59:11+08:00" level=info msg="Request: GET /config/listening/list?PageLimit=10&PageNo=1"
time="2024-07-18T23:04:44+08:00" level=info msg="Request: GET /config/listening/list?PageLimit=10&PageNo=1"
time="2024-07-18T23:06:09+08:00" level=info msg="Request: GET /config/listening/list?PageLimit=10&PageNo=1"
time="2024-07-18T23:11:11+08:00" level=info msg="Request: GET /config/listening/list?PageLimit=10&PageNo=1"
time="2024-07-18T23:14:40+08:00" level=info msg="Request: GET /config/listening/list?PageLimit=10&PageNo=1"
time="2024-07-18T23:18:19+08:00" level=info msg="Request: GET /config/listening/list?PageLimit=10&PageNo=1"
time="2024-07-18T23:19:00+08:00" level=info msg="Request: GET /config/listening/list?PageLimit=10&PageNo=1"
time="2024-07-18T23:19:50+08:00" level=info msg="Request: POST /config/listening/add?audio_files=%5Bhuhijmm%5D&name=ielts-camb-listening-test&part_list=%5B13+698305+912769+116070%5D&status=1&type=2"
time="2024-07-18T23:19:55+08:00" level=info msg="Request: GET /config/listening/list?PageLimit=10&PageNo=1"
