time="2024-05-20T09:28:06+08:00" level=info msg="Request: POST /send-code?email=majestyye%40gmail.com"
time="2024-05-20T09:28:15+08:00" level=info msg="Request: POST /login?code=547436&email=majestyye%40gmail.com"
time="2024-05-20T09:28:38+08:00" level=info msg="Request: POST /user-info?"
time="2024-05-20T09:28:57+08:00" level=info msg="Request: POST /config/listening/list?PageLimit=10&PageNo=1"
time="2024-05-20T10:00:55+08:00" level=info msg="Request: POST /config/listening/list?PageLimit=10&PageNo=1"
time="2024-05-20T15:42:09+08:00" level=info msg="Request: POST /config/listening/list?PageLimit=10&PageNo=1"
time="2024-05-20T16:19:23+08:00" level=info msg="Request: POST /config/listening/list?PageLimit=10&PageNo=1"
time="2024-05-20T16:22:21+08:00" level=info msg="Request: POST /config/listening-part/list?PageLimit=10&PageNo=1"
time="2024-05-20T16:27:52+08:00" level=info msg="Request: POST /config/listening-part/list?PageLimit=10&PageNo=1"
time="2024-05-20T16:28:25+08:00" level=info msg="Request: POST /config/listening/list?PageLimit=10&PageNo=1"
time="2024-05-20T16:43:05+08:00" level=info msg="Request: POST /config/listening-part/list?PageLimit=10&PageNo=1"
time="2024-05-20T16:45:12+08:00" level=info msg="Request: POST /config/listening-part/list?PageLimit=10&PageNo=1"
time="2024-05-20T16:46:34+08:00" level=info msg="Request: POST /config/listening-part/list?PageLimit=10&PageNo=1"
time="2024-05-20T16:54:46+08:00" level=info msg="Request: POST /config/listening-part/list?PageLimit=10&PageNo=1"
time="2024-05-20T16:59:23+08:00" level=info msg="Request: POST /config/listening-part/list?PageLimit=10&PageNo=1"
time="2024-05-20T17:02:29+08:00" level=info msg="Request: POST /config/listening-part/list?PageLimit=10&PageNo=1"
time="2024-05-20T17:05:35+08:00" level=info msg="Request: POST /config/listening-part/list?PageLimit=10&PageNo=1"
time="2024-05-20T17:13:09+08:00" level=info msg="Request: POST /config/listening-part/list?PageLimit=10&PageNo=1"
time="2024-05-20T17:13:56+08:00" level=info msg="Request: POST /config/listening-part/list?PageLimit=10&PageNo=1"
time="2024-05-20T18:40:26+08:00" level=info msg="Request: POST /config/listening-part/list?PageLimit=10&PageNo=1"
time="2024-05-20T18:40:57+08:00" level=info msg="Request: POST /config/listening-part/list?PageLimit=10&PageNo=1"
time="2024-05-20T18:41:31+08:00" level=info msg="Request: POST /config/listening-part/list?PageLimit=10&PageNo=1"
time="2024-05-20T18:42:30+08:00" level=info msg="Request: POST /config/listening-part/list?PageLimit=10&PageNo=1"
time="2024-05-20T18:43:07+08:00" level=info msg="Request: POST /config/listening-part/list?PageLimit=10&PageNo=1"
time="2024-05-20T21:48:03+08:00" level=info msg="Request: POST /config/listening-part/list?PageLimit=10&PageNo=1"
time="2024-05-20T21:53:09+08:00" level=info msg="Request: POST /config/listening-part/list?PageLimit=10&PageNo=1"
time="2024-05-20T21:58:17+08:00" level=info msg="Request: POST /config/listening-part/list?PageLimit=10&PageNo=1"
time="2024-05-20T21:59:41+08:00" level=info msg="Request: POST /config/listening-part/list?PageLimit=10&PageNo=1"
time="2024-05-20T22:01:08+08:00" level=info msg="Request: POST /config/listening-part/list?PageLimit=10&PageNo=1"
time="2024-05-20T22:09:38+08:00" level=info msg="Request: POST /config/listening-part/list?PageLimit=10&PageNo=1"
